<?xml version="1.0" encoding="UTF-8"?>
<testsuite xmlns:xsi="http://www.w3.org/2001/XMLSchema-instance" xsi:noNamespaceSchemaLocation="https://maven.apache.org/surefire/maven-surefire-plugin/xsd/surefire-test-report.xsd" version="3.0.2" name="horseracer.GameLogic.TimerTest" time="10.874" tests="4" errors="0" skipped="0" failures="0">
  <properties>
[...]
</properties>
  <testcase name="pauseAndResume_shouldNotCountPausedDuration" classname="horseracer.GameLogic.TimerTest" time="4.009"/>
  <testcase name="pause_shouldFreezeElapsedTime" classname="horseracer.GameLogic.TimerTest" time="2.342"/>
  <testcase name="start_shouldBeginCountingTime" classname="horseracer.GameLogic.TimerTest" time="1.105"/>
  <testcase name="resume_shouldContinueAfterPause" classname="horseracer.GameLogic.TimerTest" time="3.405"/>
</testsuite>